<?xml version="1.0" encoding="UTF-8"?>
<testsuite name="co.ceiba.test.VehiculoNegocioTest" tests="2" skipped="0" failures="0" errors="0" timestamp="2018-01-29T19:14:14" hostname="ALEJANDRO-CASTANEA" time="0.002">
  <properties/>
  <testcase name="calcularPrecioCarroTest" classname="co.ceiba.test.VehiculoNegocioTest" time="0.001"/>
  <testcase name="calcularPrecioMotoTest" classname="co.ceiba.test.VehiculoNegocioTest" time="0.0"/>
  <system-out><![CDATA[]]></system-out>
  <system-err><![CDATA[]]></system-err>
</testsuite>
